{"/Users/vitaliibraun/Desktop/purple-school-homework/8-2-authorization-api/src/app.ts": {"path":"/Users/vitaliibraun/Desktop/purple-school-homework/8-2-authorization-api/src/app.ts","statementMap":{"0":{"start":{"line":1,"column":0},"end":{"line":1,"column":58}},"1":{"start":{"line":3,"column":0},"end":{"line":3,"column":43}},"2":{"start":{"line":5,"column":0},"end":{"line":5,"column":47}},"3":{"start":{"line":6,"column":0},"end":{"line":6,"column":38}},"4":{"start":{"line":7,"column":0},"end":{"line":7,"column":26}},"5":{"start":{"line":8,"column":0},"end":{"line":8,"column":35}},"6":{"start":{"line":11,"column":0},"end":{"line":11,"column":58}},"7":{"start":{"line":12,"column":0},"end":{"line":12,"column":58}},"8":{"start":{"line":14,"column":0},"end":{"line":14,"column":59}},"9":{"start":{"line":17,"column":16},"end":{"line":63,"column":null}},"10":{"start":{"line":23,"column":33},"end":{"line":23,"column":48}},"11":{"start":{"line":24,"column":40},"end":{"line":24,"column":56}},"12":{"start":{"line":25,"column":41},"end":{"line":25,"column":72}},"13":{"start":{"line":26,"column":39},"end":{"line":26,"column":68}},"14":{"start":{"line":27,"column":39},"end":{"line":27,"column":54}},"15":{"start":{"line":28,"column":41},"end":{"line":28,"column":58}},"16":{"start":{"line":30,"column":2},"end":{"line":30,"column":23}},"17":{"start":{"line":31,"column":2},"end":{"line":31,"column":61}},"18":{"start":{"line":32,"column":2},"end":{"line":32,"column":23}},"19":{"start":{"line":33,"column":2},"end":{"line":33,"column":39}},"20":{"start":{"line":34,"column":2},"end":{"line":34,"column":39}},"21":{"start":{"line":38,"column":2},"end":{"line":38,"column":23}},"22":{"start":{"line":39,"column":25},"end":{"line":39,"column":81}},"23":{"start":{"line":40,"column":2},"end":{"line":40,"column":60}},"24":{"start":{"line":44,"column":2},"end":{"line":44,"column":53}},"25":{"start":{"line":48,"column":2},"end":{"line":48,"column":68}},"26":{"start":{"line":52,"column":2},"end":{"line":52,"column":23}},"27":{"start":{"line":53,"column":2},"end":{"line":53,"column":19}},"28":{"start":{"line":54,"column":2},"end":{"line":54,"column":28}},"29":{"start":{"line":55,"column":2},"end":{"line":55,"column":37}},"30":{"start":{"line":56,"column":2},"end":{"line":56,"column":43}},"31":{"start":{"line":57,"column":2},"end":{"line":57,"column":71}},"32":{"start":{"line":61,"column":2},"end":{"line":61,"column":22}},"33":{"start":{"line":17,"column":13},"end":{"line":63,"column":null}}},"fnMap":{"0":{"name":"(anonymous_12)","decl":{"start":{"line":22,"column":1},"end":{"line":22,"column":null}},"loc":{"start":{"line":28,"column":73},"end":{"line":35,"column":2}}},"1":{"name":"(anonymous_13)","decl":{"start":{"line":37,"column":1},"end":{"line":37,"column":14}},"loc":{"start":{"line":37,"column":14},"end":{"line":41,"column":2}}},"2":{"name":"(anonymous_14)","decl":{"start":{"line":43,"column":1},"end":{"line":43,"column":10}},"loc":{"start":{"line":43,"column":10},"end":{"line":45,"column":2}}},"3":{"name":"(anonymous_15)","decl":{"start":{"line":47,"column":1},"end":{"line":47,"column":19}},"loc":{"start":{"line":47,"column":19},"end":{"line":49,"column":2}}},"4":{"name":"(anonymous_16)","decl":{"start":{"line":51,"column":14},"end":{"line":51,"column":18}},"loc":{"start":{"line":51,"column":18},"end":{"line":58,"column":null}}},"5":{"name":"(anonymous_18)","decl":{"start":{"line":60,"column":8},"end":{"line":60,"column":13}},"loc":{"start":{"line":60,"column":13},"end":{"line":62,"column":2}}}},"branchMap":{"0":{"loc":{"start":{"line":31,"column":14},"end":{"line":31,"column":60}},"type":"binary-expr","locations":[{"start":{"line":31,"column":14},"end":{"line":31,"column":52}},{"start":{"line":31,"column":56},"end":{"line":31,"column":60}}]}},"s":{"0":1,"1":1,"2":1,"3":1,"4":1,"5":1,"6":1,"7":1,"8":1,"9":1,"10":1,"11":1,"12":1,"13":1,"14":1,"15":1,"16":1,"17":1,"18":1,"19":1,"20":1,"21":1,"22":1,"23":1,"24":1,"25":1,"26":1,"27":1,"28":1,"29":1,"30":1,"31":1,"32":1,"33":1},"f":{"0":1,"1":1,"2":1,"3":1,"4":1,"5":1},"b":{"0":[1,0]}}
,"/Users/vitaliibraun/Desktop/purple-school-homework/8-2-authorization-api/src/main.ts": {"path":"/Users/vitaliibraun/Desktop/purple-school-homework/8-2-authorization-api/src/main.ts","statementMap":{"0":{"start":{"line":1,"column":0},"end":{"line":1,"column":67}},"1":{"start":{"line":2,"column":0},"end":{"line":2,"column":28}},"2":{"start":{"line":3,"column":0},"end":{"line":3,"column":59}},"3":{"start":{"line":4,"column":0},"end":{"line":4,"column":56}},"4":{"start":{"line":6,"column":0},"end":{"line":6,"column":38}},"5":{"start":{"line":7,"column":0},"end":{"line":7,"column":58}},"6":{"start":{"line":10,"column":0},"end":{"line":10,"column":51}},"7":{"start":{"line":13,"column":0},"end":{"line":13,"column":56}},"8":{"start":{"line":14,"column":0},"end":{"line":14,"column":58}},"9":{"start":{"line":15,"column":0},"end":{"line":15,"column":59}},"10":{"start":{"line":23,"column":13},"end":{"line":32,"column":3}},"11":{"start":{"line":24,"column":1},"end":{"line":24,"column":67}},"12":{"start":{"line":25,"column":1},"end":{"line":25,"column":85}},"13":{"start":{"line":26,"column":1},"end":{"line":26,"column":83}},"14":{"start":{"line":27,"column":1},"end":{"line":27,"column":74}},"15":{"start":{"line":28,"column":1},"end":{"line":28,"column":80}},"16":{"start":{"line":29,"column":1},"end":{"line":29,"column":79}},"17":{"start":{"line":30,"column":1},"end":{"line":30,"column":86}},"18":{"start":{"line":31,"column":1},"end":{"line":31,"column":38}},"19":{"start":{"line":35,"column":22},"end":{"line":35,"column":37}},"20":{"start":{"line":36,"column":1},"end":{"line":36,"column":32}},"21":{"start":{"line":37,"column":13},"end":{"line":37,"column":53}},"22":{"start":{"line":38,"column":1},"end":{"line":38,"column":18}},"23":{"start":{"line":39,"column":1},"end":{"line":39,"column":30}},"24":{"start":{"line":42,"column":13},"end":{"line":42,"column":32}}},"fnMap":{"0":{"name":"(anonymous_7)","decl":{"start":{"line":23,"column":47},"end":{"line":23,"column":48}},"loc":{"start":{"line":23,"column":73},"end":{"line":32,"column":1}}},"1":{"name":"bootstrap","decl":{"start":{"line":34,"column":15},"end":{"line":34,"column":24}},"loc":{"start":{"line":34,"column":24},"end":{"line":40,"column":null}}}},"branchMap":{},"s":{"0":1,"1":1,"2":1,"3":1,"4":1,"5":1,"6":1,"7":1,"8":1,"9":1,"10":1,"11":1,"12":1,"13":1,"14":1,"15":1,"16":1,"17":1,"18":1,"19":1,"20":1,"21":1,"22":1,"23":1,"24":1},"f":{"0":1,"1":1},"b":{}}
,"/Users/vitaliibraun/Desktop/purple-school-homework/8-2-authorization-api/src/common/auth.guard.ts": {"path":"/Users/vitaliibraun/Desktop/purple-school-homework/8-2-authorization-api/src/common/auth.guard.ts","statementMap":{"0":{"start":{"line":5,"column":2},"end":{"line":7,"column":null}},"1":{"start":{"line":6,"column":3},"end":{"line":6,"column":17}},"2":{"start":{"line":8,"column":2},"end":{"line":8,"column":56}},"3":{"start":{"line":3,"column":0},"end":{"line":3,"column":13}}},"fnMap":{"0":{"name":"(anonymous_0)","decl":{"start":{"line":4,"column":1},"end":{"line":4,"column":8}},"loc":{"start":{"line":4,"column":56},"end":{"line":9,"column":2}}}},"branchMap":{"0":{"loc":{"start":{"line":5,"column":2},"end":{"line":7,"column":null}},"type":"if","locations":[{"start":{"line":5,"column":2},"end":{"line":7,"column":null}}]}},"s":{"0":2,"1":0,"2":2,"3":1},"f":{"0":2},"b":{"0":[0]}}
,"/Users/vitaliibraun/Desktop/purple-school-homework/8-2-authorization-api/src/common/auth.middleware.ts": {"path":"/Users/vitaliibraun/Desktop/purple-school-homework/8-2-authorization-api/src/common/auth.middleware.ts","statementMap":{"0":{"start":{"line":3,"column":0},"end":{"line":3,"column":38}},"1":{"start":{"line":6,"column":21},"end":{"line":6,"column":35}},"2":{"start":{"line":8,"column":2},"end":{"line":19,"column":null}},"3":{"start":{"line":9,"column":3},"end":{"line":16,"column":6}},"4":{"start":{"line":10,"column":4},"end":{"line":15,"column":null}},"5":{"start":{"line":11,"column":5},"end":{"line":11,"column":12}},"6":{"start":{"line":12,"column":11},"end":{"line":15,"column":null}},"7":{"start":{"line":13,"column":5},"end":{"line":13,"column":69}},"8":{"start":{"line":14,"column":5},"end":{"line":14,"column":12}},"9":{"start":{"line":18,"column":3},"end":{"line":18,"column":10}},"10":{"start":{"line":5,"column":0},"end":{"line":5,"column":13}}},"fnMap":{"0":{"name":"(anonymous_0)","decl":{"start":{"line":6,"column":1},"end":{"line":6,"column":21}},"loc":{"start":{"line":6,"column":35},"end":{"line":6,"column":39}}},"1":{"name":"(anonymous_1)","decl":{"start":{"line":7,"column":1},"end":{"line":7,"column":8}},"loc":{"start":{"line":7,"column":56},"end":{"line":20,"column":2}}},"2":{"name":"(anonymous_2)","decl":{"start":{"line":9,"column":64},"end":{"line":9,"column":65}},"loc":{"start":{"line":9,"column":81},"end":{"line":16,"column":4}}}},"branchMap":{"0":{"loc":{"start":{"line":8,"column":2},"end":{"line":19,"column":null}},"type":"if","locations":[{"start":{"line":8,"column":2},"end":{"line":19,"column":null}},{"start":{"line":17,"column":9},"end":{"line":19,"column":null}}]},"1":{"loc":{"start":{"line":10,"column":4},"end":{"line":15,"column":null}},"type":"if","locations":[{"start":{"line":10,"column":4},"end":{"line":15,"column":null}},{"start":{"line":12,"column":11},"end":{"line":15,"column":null}}]},"2":{"loc":{"start":{"line":12,"column":11},"end":{"line":15,"column":null}},"type":"if","locations":[{"start":{"line":12,"column":11},"end":{"line":15,"column":null}}]},"3":{"loc":{"start":{"line":13,"column":16},"end":{"line":13,"column":68}},"type":"cond-expr","locations":[{"start":{"line":13,"column":45},"end":{"line":13,"column":52}},{"start":{"line":13,"column":55},"end":{"line":13,"column":68}}]}},"s":{"0":1,"1":1,"2":6,"3":1,"4":1,"5":1,"6":0,"7":0,"8":0,"9":5,"10":1},"f":{"0":1,"1":6,"2":1},"b":{"0":[1,5],"1":[1,0],"2":[0],"3":[0,0]}}
,"/Users/vitaliibraun/Desktop/purple-school-homework/8-2-authorization-api/src/common/base.controller.ts": {"path":"/Users/vitaliibraun/Desktop/purple-school-homework/8-2-authorization-api/src/common/base.controller.ts","statementMap":{"0":{"start":{"line":1,"column":0},"end":{"line":1,"column":43}},"1":{"start":{"line":4,"column":0},"end":{"line":4,"column":39}},"2":{"start":{"line":5,"column":0},"end":{"line":5,"column":9}},"3":{"start":{"line":5,"column":9},"end":{"line":5,"column":33}},"4":{"start":{"line":6,"column":0},"end":{"line":6,"column":26}},"5":{"start":{"line":9,"column":36},"end":{"line":40,"column":null}},"6":{"start":{"line":11,"column":21},"end":{"line":11,"column":36}},"7":{"start":{"line":12,"column":2},"end":{"line":12,"column":26}},"8":{"start":{"line":15,"column":2},"end":{"line":15,"column":22}},"9":{"start":{"line":19,"column":2},"end":{"line":19,"column":31}},"10":{"start":{"line":20,"column":2},"end":{"line":20,"column":40}},"11":{"start":{"line":24,"column":2},"end":{"line":24,"column":29}},"12":{"start":{"line":28,"column":2},"end":{"line":28,"column":41}},"13":{"start":{"line":32,"column":2},"end":{"line":38,"column":null}},"14":{"start":{"line":33,"column":3},"end":{"line":33,"column":31}},"15":{"start":{"line":34,"column":21},"end":{"line":34,"column":68}},"16":{"start":{"line":34,"column":50},"end":{"line":34,"column":67}},"17":{"start":{"line":35,"column":19},"end":{"line":35,"column":44}},"18":{"start":{"line":36,"column":20},"end":{"line":36,"column":65}},"19":{"start":{"line":37,"column":3},"end":{"line":37,"column":51}},"20":{"start":{"line":9,"column":22},"end":{"line":40,"column":null}}},"fnMap":{"0":{"name":"(anonymous_2)","decl":{"start":{"line":5,"column":9},"end":{"line":5,"column":15}},"loc":{"start":{"line":5,"column":9},"end":{"line":5,"column":33}}},"1":{"name":"(anonymous_3)","decl":{"start":{"line":11,"column":1},"end":{"line":11,"column":21}},"loc":{"start":{"line":11,"column":36},"end":{"line":13,"column":2}}},"2":{"name":"(anonymous_4)","decl":{"start":{"line":14,"column":1},"end":{"line":14,"column":5}},"loc":{"start":{"line":14,"column":11},"end":{"line":16,"column":2}}},"3":{"name":"(anonymous_5)","decl":{"start":{"line":18,"column":8},"end":{"line":18,"column":12}},"loc":{"start":{"line":18,"column":55},"end":{"line":21,"column":2}}},"4":{"name":"(anonymous_6)","decl":{"start":{"line":23,"column":8},"end":{"line":23,"column":15}},"loc":{"start":{"line":23,"column":29},"end":{"line":25,"column":2}}},"5":{"name":"(anonymous_7)","decl":{"start":{"line":27,"column":8},"end":{"line":27,"column":10}},"loc":{"start":{"line":27,"column":39},"end":{"line":29,"column":2}}},"6":{"name":"(anonymous_8)","decl":{"start":{"line":31,"column":11},"end":{"line":31,"column":21}},"loc":{"start":{"line":31,"column":48},"end":{"line":39,"column":2}}},"7":{"name":"(anonymous_9)","decl":{"start":{"line":34,"column":43},"end":{"line":34,"column":44}},"loc":{"start":{"line":34,"column":50},"end":{"line":34,"column":67}}}},"branchMap":{"0":{"loc":{"start":{"line":34,"column":21},"end":{"line":34,"column":68}},"type":"cond-expr","locations":[{"start":{"line":34,"column":37},"end":{"line":34,"column":39}},{"start":{"line":34,"column":37},"end":{"line":34,"column":68}}]},"1":{"loc":{"start":{"line":34,"column":21},"end":{"line":34,"column":39}},"type":"binary-expr","locations":[{"start":{"line":34,"column":21},"end":{"line":34,"column":39}},{"start":{"line":34,"column":37},"end":{"line":34,"column":39}}]},"2":{"loc":{"start":{"line":36,"column":20},"end":{"line":36,"column":65}},"type":"cond-expr","locations":[{"start":{"line":36,"column":32},"end":{"line":36,"column":55}},{"start":{"line":36,"column":58},"end":{"line":36,"column":65}}]}},"s":{"0":1,"1":1,"2":1,"3":1,"4":1,"5":1,"6":1,"7":1,"8":4,"9":0,"10":0,"11":0,"12":0,"13":1,"14":3,"15":3,"16":3,"17":3,"18":3,"19":3,"20":1},"f":{"0":0,"1":1,"2":4,"3":0,"4":0,"5":0,"6":1,"7":3},"b":{"0":[0,3],"1":[3,3],"2":[3,0]}}
,"/Users/vitaliibraun/Desktop/purple-school-homework/8-2-authorization-api/src/common/validate.middleware.ts": {"path":"/Users/vitaliibraun/Desktop/purple-school-homework/8-2-authorization-api/src/common/validate.middleware.ts","statementMap":{"0":{"start":{"line":4,"column":0},"end":{"line":4,"column":67}},"1":{"start":{"line":5,"column":0},"end":{"line":5,"column":43}},"2":{"start":{"line":8,"column":21},"end":{"line":8,"column":62}},"3":{"start":{"line":10,"column":19},"end":{"line":10,"column":59}},"4":{"start":{"line":11,"column":2},"end":{"line":17,"column":5}},"5":{"start":{"line":12,"column":3},"end":{"line":16,"column":null}},"6":{"start":{"line":13,"column":4},"end":{"line":13,"column":33}},"7":{"start":{"line":15,"column":4},"end":{"line":15,"column":11}},"8":{"start":{"line":7,"column":0},"end":{"line":7,"column":13}}},"fnMap":{"0":{"name":"(anonymous_0)","decl":{"start":{"line":8,"column":1},"end":{"line":8,"column":21}},"loc":{"start":{"line":8,"column":62},"end":{"line":8,"column":66}}},"1":{"name":"(anonymous_1)","decl":{"start":{"line":9,"column":1},"end":{"line":9,"column":8}},"loc":{"start":{"line":9,"column":61},"end":{"line":18,"column":2}}},"2":{"name":"(anonymous_2)","decl":{"start":{"line":11,"column":26},"end":{"line":11,"column":27}},"loc":{"start":{"line":11,"column":37},"end":{"line":17,"column":3}}}},"branchMap":{"0":{"loc":{"start":{"line":12,"column":3},"end":{"line":16,"column":null}},"type":"if","locations":[{"start":{"line":12,"column":3},"end":{"line":16,"column":null}},{"start":{"line":14,"column":10},"end":{"line":16,"column":null}}]}},"s":{"0":1,"1":1,"2":2,"3":4,"4":4,"5":4,"6":1,"7":3,"8":1},"f":{"0":2,"1":4,"2":4},"b":{"0":[1,3]}}
,"/Users/vitaliibraun/Desktop/purple-school-homework/8-2-authorization-api/src/config/config.service.ts": {"path":"/Users/vitaliibraun/Desktop/purple-school-homework/8-2-authorization-api/src/config/config.service.ts","statementMap":{"0":{"start":{"line":1,"column":0},"end":{"line":1,"column":47}},"1":{"start":{"line":4,"column":0},"end":{"line":4,"column":71}},"2":{"start":{"line":5,"column":0},"end":{"line":5,"column":39}},"3":{"start":{"line":8,"column":26},"end":{"line":22,"column":null}},"4":{"start":{"line":10,"column":44},"end":{"line":10,"column":59}},"5":{"start":{"line":11,"column":37},"end":{"line":11,"column":45}},"6":{"start":{"line":12,"column":2},"end":{"line":17,"column":null}},"7":{"start":{"line":13,"column":3},"end":{"line":13,"column":49}},"8":{"start":{"line":15,"column":3},"end":{"line":15,"column":36}},"9":{"start":{"line":16,"column":3},"end":{"line":16,"column":52}},"10":{"start":{"line":20,"column":2},"end":{"line":20,"column":26}},"11":{"start":{"line":8,"column":13},"end":{"line":22,"column":null}}},"fnMap":{"0":{"name":"(anonymous_4)","decl":{"start":{"line":10,"column":1},"end":{"line":10,"column":14}},"loc":{"start":{"line":10,"column":59},"end":{"line":18,"column":2}}},"1":{"name":"(anonymous_5)","decl":{"start":{"line":19,"column":1},"end":{"line":19,"column":4}},"loc":{"start":{"line":19,"column":16},"end":{"line":21,"column":2}}}},"branchMap":{"0":{"loc":{"start":{"line":12,"column":2},"end":{"line":17,"column":null}},"type":"if","locations":[{"start":{"line":12,"column":2},"end":{"line":17,"column":null}},{"start":{"line":14,"column":9},"end":{"line":17,"column":null}}]}},"s":{"0":1,"1":1,"2":1,"3":1,"4":1,"5":1,"6":1,"7":0,"8":1,"9":1,"10":2,"11":1},"f":{"0":1,"1":2},"b":{"0":[0,1]}}
,"/Users/vitaliibraun/Desktop/purple-school-homework/8-2-authorization-api/src/database/prisma.service.ts": {"path":"/Users/vitaliibraun/Desktop/purple-school-homework/8-2-authorization-api/src/database/prisma.service.ts","statementMap":{"0":{"start":{"line":2,"column":0},"end":{"line":2,"column":46}},"1":{"start":{"line":3,"column":0},"end":{"line":3,"column":47}},"2":{"start":{"line":4,"column":0},"end":{"line":4,"column":39}},"3":{"start":{"line":7,"column":26},"end":{"line":26,"column":null}},"4":{"start":{"line":9,"column":44},"end":{"line":9,"column":59}},"5":{"start":{"line":10,"column":2},"end":{"line":10,"column":35}},"6":{"start":{"line":13,"column":2},"end":{"line":20,"column":null}},"7":{"start":{"line":14,"column":3},"end":{"line":14,"column":32}},"8":{"start":{"line":15,"column":3},"end":{"line":15,"column":42}},"9":{"start":{"line":17,"column":3},"end":{"line":19,"column":null}},"10":{"start":{"line":18,"column":4},"end":{"line":18,"column":54}},"11":{"start":{"line":23,"column":2},"end":{"line":23,"column":34}},"12":{"start":{"line":24,"column":2},"end":{"line":24,"column":49}},"13":{"start":{"line":7,"column":13},"end":{"line":26,"column":null}}},"fnMap":{"0":{"name":"(anonymous_11)","decl":{"start":{"line":9,"column":1},"end":{"line":9,"column":14}},"loc":{"start":{"line":9,"column":59},"end":{"line":11,"column":2}}},"1":{"name":"(anonymous_12)","decl":{"start":{"line":12,"column":7},"end":{"line":12,"column":14}},"loc":{"start":{"line":12,"column":14},"end":{"line":21,"column":null}}},"2":{"name":"(anonymous_14)","decl":{"start":{"line":22,"column":7},"end":{"line":22,"column":17}},"loc":{"start":{"line":22,"column":17},"end":{"line":25,"column":null}}}},"branchMap":{"0":{"loc":{"start":{"line":17,"column":3},"end":{"line":19,"column":null}},"type":"if","locations":[{"start":{"line":17,"column":3},"end":{"line":19,"column":null}}]}},"s":{"0":1,"1":1,"2":1,"3":1,"4":1,"5":1,"6":1,"7":1,"8":1,"9":0,"10":0,"11":0,"12":0,"13":1},"f":{"0":1,"1":1,"2":0},"b":{"0":[0]}}
,"/Users/vitaliibraun/Desktop/purple-school-homework/8-2-authorization-api/src/errors/exeption.filter.ts": {"path":"/Users/vitaliibraun/Desktop/purple-school-homework/8-2-authorization-api/src/errors/exeption.filter.ts","statementMap":{"0":{"start":{"line":4,"column":0},"end":{"line":4,"column":47}},"1":{"start":{"line":6,"column":0},"end":{"line":6,"column":39}},"2":{"start":{"line":7,"column":0},"end":{"line":7,"column":47}},"3":{"start":{"line":10,"column":28},"end":{"line":21,"column":null}},"4":{"start":{"line":11,"column":44},"end":{"line":11,"column":59}},"5":{"start":{"line":13,"column":2},"end":{"line":19,"column":null}},"6":{"start":{"line":14,"column":3},"end":{"line":14,"column":87}},"7":{"start":{"line":15,"column":3},"end":{"line":15,"column":61}},"8":{"start":{"line":17,"column":3},"end":{"line":17,"column":41}},"9":{"start":{"line":18,"column":3},"end":{"line":18,"column":48}},"10":{"start":{"line":10,"column":13},"end":{"line":21,"column":null}}},"fnMap":{"0":{"name":"(anonymous_4)","decl":{"start":{"line":11,"column":1},"end":{"line":11,"column":14}},"loc":{"start":{"line":11,"column":59},"end":{"line":11,"column":63}}},"1":{"name":"(anonymous_5)","decl":{"start":{"line":12,"column":1},"end":{"line":12,"column":6}},"loc":{"start":{"line":12,"column":80},"end":{"line":20,"column":2}}}},"branchMap":{"0":{"loc":{"start":{"line":13,"column":2},"end":{"line":19,"column":null}},"type":"if","locations":[{"start":{"line":13,"column":2},"end":{"line":19,"column":null}},{"start":{"line":16,"column":9},"end":{"line":19,"column":null}}]}},"s":{"0":1,"1":1,"2":1,"3":1,"4":1,"5":3,"6":3,"7":3,"8":0,"9":0,"10":1},"f":{"0":1,"1":3},"b":{"0":[3,0]}}
,"/Users/vitaliibraun/Desktop/purple-school-homework/8-2-authorization-api/src/errors/http-error.class.ts": {"path":"/Users/vitaliibraun/Desktop/purple-school-homework/8-2-authorization-api/src/errors/http-error.class.ts","statementMap":{"0":{"start":{"line":5,"column":2},"end":{"line":5,"column":17}},"1":{"start":{"line":6,"column":2},"end":{"line":6,"column":31}},"2":{"start":{"line":7,"column":2},"end":{"line":7,"column":25}},"3":{"start":{"line":8,"column":2},"end":{"line":8,"column":25}},"4":{"start":{"line":1,"column":0},"end":{"line":1,"column":13}}},"fnMap":{"0":{"name":"(anonymous_0)","decl":{"start":{"line":4,"column":1},"end":{"line":4,"column":13}},"loc":{"start":{"line":4,"column":66},"end":{"line":9,"column":2}}}},"branchMap":{},"s":{"0":3,"1":3,"2":3,"3":3,"4":1},"f":{"0":3},"b":{}}
,"/Users/vitaliibraun/Desktop/purple-school-homework/8-2-authorization-api/src/logger/logger.service.ts": {"path":"/Users/vitaliibraun/Desktop/purple-school-homework/8-2-authorization-api/src/logger/logger.service.ts","statementMap":{"0":{"start":{"line":1,"column":0},"end":{"line":1,"column":31}},"1":{"start":{"line":3,"column":0},"end":{"line":3,"column":39}},"2":{"start":{"line":4,"column":0},"end":{"line":4,"column":26}},"3":{"start":{"line":6,"column":26},"end":{"line":38,"column":null}},"4":{"start":{"line":8,"column":9},"end":{"line":8,"column":28}},"5":{"start":{"line":11,"column":2},"end":{"line":16,"column":5}},"6":{"start":{"line":19,"column":2},"end":{"line":25,"column":null}},"7":{"start":{"line":20,"column":20},"end":{"line":20,"column":50}},"8":{"start":{"line":21,"column":23},"end":{"line":21,"column":48}},"9":{"start":{"line":22,"column":3},"end":{"line":22,"column":64}},"10":{"start":{"line":24,"column":3},"end":{"line":24,"column":44}},"11":{"start":{"line":26,"column":2},"end":{"line":26,"column":28}},"12":{"start":{"line":30,"column":2},"end":{"line":30,"column":51}},"13":{"start":{"line":33,"column":2},"end":{"line":33,"column":52}},"14":{"start":{"line":36,"column":2},"end":{"line":36,"column":51}},"15":{"start":{"line":6,"column":13},"end":{"line":38,"column":null}}},"fnMap":{"0":{"name":"(anonymous_2)","decl":{"start":{"line":10,"column":1},"end":{"line":10,"column":null}},"loc":{"start":{"line":10,"column":1},"end":{"line":17,"column":2}}},"1":{"name":"(anonymous_3)","decl":{"start":{"line":18,"column":1},"end":{"line":18,"column":17}},"loc":{"start":{"line":18,"column":36},"end":{"line":27,"column":2}}},"2":{"name":"(anonymous_4)","decl":{"start":{"line":29,"column":1},"end":{"line":29,"column":4}},"loc":{"start":{"line":29,"column":23},"end":{"line":31,"column":2}}},"3":{"name":"(anonymous_5)","decl":{"start":{"line":32,"column":1},"end":{"line":32,"column":6}},"loc":{"start":{"line":32,"column":25},"end":{"line":34,"column":2}}},"4":{"name":"(anonymous_6)","decl":{"start":{"line":35,"column":1},"end":{"line":35,"column":5}},"loc":{"start":{"line":35,"column":24},"end":{"line":37,"column":2}}}},"branchMap":{"0":{"loc":{"start":{"line":19,"column":2},"end":{"line":25,"column":null}},"type":"if","locations":[{"start":{"line":19,"column":2},"end":{"line":25,"column":null}},{"start":{"line":23,"column":9},"end":{"line":25,"column":null}}]},"1":{"loc":{"start":{"line":22,"column":39},"end":{"line":22,"column":62}},"type":"cond-expr","locations":[{"start":{"line":22,"column":49},"end":{"line":22,"column":57}},{"start":{"line":22,"column":60},"end":{"line":22,"column":62}}]}},"s":{"0":1,"1":1,"2":1,"3":1,"4":1,"5":1,"6":9,"7":0,"8":0,"9":0,"10":9,"11":9,"12":6,"13":3,"14":0,"15":1},"f":{"0":1,"1":9,"2":6,"3":3,"4":0},"b":{"0":[0,9],"1":[0,0]}}
,"/Users/vitaliibraun/Desktop/purple-school-homework/8-2-authorization-api/src/users/types.ts": {"path":"/Users/vitaliibraun/Desktop/purple-school-homework/8-2-authorization-api/src/users/types.ts","statementMap":{"0":{"start":{"line":1,"column":13},"end":{"line":10,"column":2}}},"fnMap":{},"branchMap":{},"s":{"0":1},"f":{},"b":{}}
,"/Users/vitaliibraun/Desktop/purple-school-homework/8-2-authorization-api/src/users/user.entity.ts": {"path":"/Users/vitaliibraun/Desktop/purple-school-homework/8-2-authorization-api/src/users/user.entity.ts","statementMap":{"0":{"start":{"line":1,"column":0},"end":{"line":1,"column":41}},"1":{"start":{"line":5,"column":30},"end":{"line":5,"column":44}},"2":{"start":{"line":5,"column":63},"end":{"line":5,"column":76}},"3":{"start":{"line":7,"column":2},"end":{"line":7,"column":21}},"4":{"start":{"line":11,"column":2},"end":{"line":11,"column":20}},"5":{"start":{"line":15,"column":2},"end":{"line":15,"column":24}},"6":{"start":{"line":19,"column":2},"end":{"line":19,"column":50}},"7":{"start":{"line":22,"column":2},"end":{"line":22,"column":49}},"8":{"start":{"line":3,"column":0},"end":{"line":3,"column":13}}},"fnMap":{"0":{"name":"(anonymous_7)","decl":{"start":{"line":5,"column":1},"end":{"line":5,"column":30}},"loc":{"start":{"line":5,"column":76},"end":{"line":5,"column":80}}},"1":{"name":"(anonymous_8)","decl":{"start":{"line":6,"column":1},"end":{"line":6,"column":5}},"loc":{"start":{"line":6,"column":10},"end":{"line":8,"column":2}}},"2":{"name":"(anonymous_9)","decl":{"start":{"line":10,"column":1},"end":{"line":10,"column":5}},"loc":{"start":{"line":10,"column":9},"end":{"line":12,"column":2}}},"3":{"name":"(anonymous_10)","decl":{"start":{"line":14,"column":1},"end":{"line":14,"column":5}},"loc":{"start":{"line":14,"column":13},"end":{"line":16,"column":2}}},"4":{"name":"(anonymous_11)","decl":{"start":{"line":18,"column":14},"end":{"line":18,"column":25}},"loc":{"start":{"line":18,"column":52},"end":{"line":20,"column":null}}},"5":{"name":"(anonymous_13)","decl":{"start":{"line":21,"column":1},"end":{"line":21,"column":7}},"loc":{"start":{"line":21,"column":71},"end":{"line":23,"column":null}}}},"branchMap":{},"s":{"0":1,"1":0,"2":0,"3":0,"4":0,"5":0,"6":0,"7":0,"8":1},"f":{"0":0,"1":0,"2":0,"3":0,"4":0,"5":0},"b":{}}
,"/Users/vitaliibraun/Desktop/purple-school-homework/8-2-authorization-api/src/users/users.controller.ts": {"path":"/Users/vitaliibraun/Desktop/purple-school-homework/8-2-authorization-api/src/users/users.controller.ts","statementMap":{"0":{"start":{"line":2,"column":0},"end":{"line":2,"column":59}},"1":{"start":{"line":3,"column":0},"end":{"line":3,"column":26}},"2":{"start":{"line":4,"column":0},"end":{"line":4,"column":55}},"3":{"start":{"line":5,"column":0},"end":{"line":5,"column":47}},"4":{"start":{"line":6,"column":0},"end":{"line":6,"column":39}},"5":{"start":{"line":9,"column":0},"end":{"line":9,"column":52}},"6":{"start":{"line":10,"column":0},"end":{"line":10,"column":57}},"7":{"start":{"line":11,"column":0},"end":{"line":11,"column":67}},"8":{"start":{"line":12,"column":0},"end":{"line":12,"column":36}},"9":{"start":{"line":14,"column":0},"end":{"line":14,"column":49}},"10":{"start":{"line":15,"column":0},"end":{"line":15,"column":45}},"11":{"start":{"line":18,"column":27},"end":{"line":94,"column":null}},"12":{"start":{"line":24,"column":2},"end":{"line":24,"column":23}},"13":{"start":{"line":20,"column":33},"end":{"line":20,"column":55}},"14":{"start":{"line":21,"column":37},"end":{"line":21,"column":50}},"15":{"start":{"line":22,"column":39},"end":{"line":22,"column":68}},"16":{"start":{"line":25,"column":2},"end":{"line":44,"column":5}},"17":{"start":{"line":52,"column":19},"end":{"line":52,"column":22}},"18":{"start":{"line":53,"column":17},"end":{"line":53,"column":58}},"19":{"start":{"line":55,"column":2},"end":{"line":57,"column":null}},"20":{"start":{"line":56,"column":3},"end":{"line":56,"column":67}},"21":{"start":{"line":58,"column":14},"end":{"line":58,"column":82}},"22":{"start":{"line":60,"column":2},"end":{"line":60,"column":24}},"23":{"start":{"line":67,"column":17},"end":{"line":67,"column":56}},"24":{"start":{"line":68,"column":2},"end":{"line":70,"column":null}},"25":{"start":{"line":69,"column":3},"end":{"line":69,"column":67}},"26":{"start":{"line":71,"column":2},"end":{"line":71,"column":55}},"27":{"start":{"line":75,"column":19},"end":{"line":75,"column":59}},"28":{"start":{"line":76,"column":2},"end":{"line":76,"column":61}},"29":{"start":{"line":80,"column":2},"end":{"line":92,"column":5}},"30":{"start":{"line":81,"column":3},"end":{"line":91,"column":5}},"31":{"start":{"line":86,"column":5},"end":{"line":88,"column":null}},"32":{"start":{"line":87,"column":6},"end":{"line":87,"column":18}},"33":{"start":{"line":89,"column":5},"end":{"line":89,"column":30}},"34":{"start":{"line":18,"column":13},"end":{"line":94,"column":null}}},"fnMap":{"0":{"name":"(anonymous_11)","decl":{"start":{"line":19,"column":1},"end":{"line":19,"column":null}},"loc":{"start":{"line":22,"column":68},"end":{"line":45,"column":2}}},"1":{"name":"(anonymous_12)","decl":{"start":{"line":47,"column":7},"end":{"line":47,"column":12}},"loc":{"start":{"line":50,"column":20},"end":{"line":61,"column":null}}},"2":{"name":"(anonymous_14)","decl":{"start":{"line":62,"column":7},"end":{"line":62,"column":15}},"loc":{"start":{"line":65,"column":20},"end":{"line":72,"column":null}}},"3":{"name":"(anonymous_16)","decl":{"start":{"line":74,"column":7},"end":{"line":74,"column":11}},"loc":{"start":{"line":74,"column":64},"end":{"line":77,"column":null}}},"4":{"name":"(anonymous_18)","decl":{"start":{"line":79,"column":9},"end":{"line":79,"column":16}},"loc":{"start":{"line":79,"column":46},"end":{"line":93,"column":2}}},"5":{"name":"(anonymous_19)","decl":{"start":{"line":80,"column":29},"end":{"line":80,"column":30}},"loc":{"start":{"line":80,"column":49},"end":{"line":92,"column":3}}},"6":{"name":"(anonymous_20)","decl":{"start":{"line":85,"column":4},"end":{"line":85,"column":5}},"loc":{"start":{"line":85,"column":19},"end":{"line":90,"column":5}}}},"branchMap":{"0":{"loc":{"start":{"line":55,"column":2},"end":{"line":57,"column":null}},"type":"if","locations":[{"start":{"line":55,"column":2},"end":{"line":57,"column":null}}]},"1":{"loc":{"start":{"line":68,"column":2},"end":{"line":70,"column":null}},"type":"if","locations":[{"start":{"line":68,"column":2},"end":{"line":70,"column":null}}]},"2":{"loc":{"start":{"line":76,"column":24},"end":{"line":76,"column":39}},"type":"cond-expr","locations":[{"start":{"line":76,"column":32},"end":{"line":76,"column":34}},{"start":{"line":76,"column":24},"end":{"line":76,"column":39}}]},"3":{"loc":{"start":{"line":76,"column":24},"end":{"line":76,"column":34}},"type":"binary-expr","locations":[{"start":{"line":76,"column":24},"end":{"line":76,"column":34}},{"start":{"line":76,"column":24},"end":{"line":76,"column":34}}]},"4":{"loc":{"start":{"line":76,"column":45},"end":{"line":76,"column":57}},"type":"cond-expr","locations":[{"start":{"line":76,"column":53},"end":{"line":76,"column":55}},{"start":{"line":76,"column":45},"end":{"line":76,"column":57}}]},"5":{"loc":{"start":{"line":76,"column":45},"end":{"line":76,"column":55}},"type":"binary-expr","locations":[{"start":{"line":76,"column":45},"end":{"line":76,"column":55}},{"start":{"line":76,"column":45},"end":{"line":76,"column":55}}]},"6":{"loc":{"start":{"line":86,"column":5},"end":{"line":88,"column":null}},"type":"if","locations":[{"start":{"line":86,"column":5},"end":{"line":88,"column":null}}]}},"s":{"0":1,"1":1,"2":1,"3":1,"4":1,"5":1,"6":1,"7":1,"8":1,"9":1,"10":1,"11":1,"12":1,"13":1,"14":1,"15":1,"16":1,"17":3,"18":3,"19":3,"20":3,"21":0,"22":0,"23":0,"24":0,"25":0,"26":0,"27":0,"28":0,"29":0,"30":0,"31":0,"32":0,"33":0,"34":1},"f":{"0":1,"1":3,"2":0,"3":0,"4":0,"5":0,"6":0},"b":{"0":[3],"1":[0],"2":[0,0],"3":[0,0],"4":[0,0],"5":[0,0],"6":[0]}}
,"/Users/vitaliibraun/Desktop/purple-school-homework/8-2-authorization-api/src/users/users.repository.ts": {"path":"/Users/vitaliibraun/Desktop/purple-school-homework/8-2-authorization-api/src/users/users.repository.ts","statementMap":{"0":{"start":{"line":1,"column":0},"end":{"line":1,"column":61}},"1":{"start":{"line":5,"column":0},"end":{"line":5,"column":47}},"2":{"start":{"line":6,"column":0},"end":{"line":6,"column":32}},"3":{"start":{"line":9,"column":28},"end":{"line":19,"column":null}},"4":{"start":{"line":10,"column":50},"end":{"line":10,"column":65}},"5":{"start":{"line":12,"column":2},"end":{"line":14,"column":5}},"6":{"start":{"line":17,"column":2},"end":{"line":17,"column":77}},"7":{"start":{"line":9,"column":13},"end":{"line":19,"column":null}}},"fnMap":{"0":{"name":"(anonymous_11)","decl":{"start":{"line":10,"column":1},"end":{"line":10,"column":14}},"loc":{"start":{"line":10,"column":78},"end":{"line":10,"column":82}}},"1":{"name":"(anonymous_12)","decl":{"start":{"line":11,"column":7},"end":{"line":11,"column":13}},"loc":{"start":{"line":11,"column":45},"end":{"line":15,"column":null}}},"2":{"name":"(anonymous_14)","decl":{"start":{"line":16,"column":7},"end":{"line":16,"column":11}},"loc":{"start":{"line":16,"column":25},"end":{"line":18,"column":null}}}},"branchMap":{},"s":{"0":1,"1":1,"2":1,"3":1,"4":1,"5":0,"6":3,"7":1},"f":{"0":1,"1":0,"2":3},"b":{}}
,"/Users/vitaliibraun/Desktop/purple-school-homework/8-2-authorization-api/src/users/users.sevice.ts": {"path":"/Users/vitaliibraun/Desktop/purple-school-homework/8-2-authorization-api/src/users/users.sevice.ts","statementMap":{"0":{"start":{"line":1,"column":0},"end":{"line":1,"column":47}},"1":{"start":{"line":4,"column":0},"end":{"line":4,"column":37}},"2":{"start":{"line":7,"column":0},"end":{"line":7,"column":32}},"3":{"start":{"line":12,"column":24},"end":{"line":41,"column":null}},"4":{"start":{"line":14,"column":39},"end":{"line":14,"column":68}},"5":{"start":{"line":15,"column":41},"end":{"line":15,"column":74}},"6":{"start":{"line":18,"column":18},"end":{"line":18,"column":39}},"7":{"start":{"line":19,"column":15},"end":{"line":19,"column":51}},"8":{"start":{"line":20,"column":2},"end":{"line":20,"column":44}},"9":{"start":{"line":21,"column":22},"end":{"line":21,"column":60}},"10":{"start":{"line":22,"column":2},"end":{"line":24,"column":null}},"11":{"start":{"line":23,"column":3},"end":{"line":23,"column":15}},"12":{"start":{"line":25,"column":2},"end":{"line":25,"column":46}},"13":{"start":{"line":28,"column":22},"end":{"line":28,"column":60}},"14":{"start":{"line":29,"column":2},"end":{"line":31,"column":null}},"15":{"start":{"line":30,"column":3},"end":{"line":30,"column":16}},"16":{"start":{"line":32,"column":28},"end":{"line":32,"column":87}},"17":{"start":{"line":33,"column":2},"end":{"line":35,"column":null}},"18":{"start":{"line":34,"column":3},"end":{"line":34,"column":16}},"19":{"start":{"line":36,"column":2},"end":{"line":36,"column":14}},"20":{"start":{"line":39,"column":2},"end":{"line":39,"column":42}},"21":{"start":{"line":12,"column":13},"end":{"line":41,"column":null}}},"fnMap":{"0":{"name":"(anonymous_11)","decl":{"start":{"line":13,"column":1},"end":{"line":13,"column":null}},"loc":{"start":{"line":15,"column":74},"end":{"line":16,"column":5}}},"1":{"name":"(anonymous_12)","decl":{"start":{"line":17,"column":7},"end":{"line":17,"column":17}},"loc":{"start":{"line":17,"column":60},"end":{"line":26,"column":null}}},"2":{"name":"(anonymous_14)","decl":{"start":{"line":27,"column":7},"end":{"line":27,"column":19}},"loc":{"start":{"line":27,"column":53},"end":{"line":37,"column":null}}},"3":{"name":"(anonymous_16)","decl":{"start":{"line":38,"column":7},"end":{"line":38,"column":18}},"loc":{"start":{"line":38,"column":32},"end":{"line":40,"column":null}}}},"branchMap":{"0":{"loc":{"start":{"line":22,"column":2},"end":{"line":24,"column":null}},"type":"if","locations":[{"start":{"line":22,"column":2},"end":{"line":24,"column":null}}]},"1":{"loc":{"start":{"line":29,"column":2},"end":{"line":31,"column":null}},"type":"if","locations":[{"start":{"line":29,"column":2},"end":{"line":31,"column":null}}]},"2":{"loc":{"start":{"line":29,"column":16},"end":{"line":29,"column":34}},"type":"cond-expr","locations":[{"start":{"line":29,"column":27},"end":{"line":29,"column":29}},{"start":{"line":29,"column":16},"end":{"line":29,"column":34}}]},"3":{"loc":{"start":{"line":29,"column":16},"end":{"line":29,"column":29}},"type":"binary-expr","locations":[{"start":{"line":29,"column":16},"end":{"line":29,"column":29}},{"start":{"line":29,"column":16},"end":{"line":29,"column":29}}]},"4":{"loc":{"start":{"line":33,"column":2},"end":{"line":35,"column":null}},"type":"if","locations":[{"start":{"line":33,"column":2},"end":{"line":35,"column":null}}]}},"s":{"0":1,"1":1,"2":1,"3":1,"4":1,"5":1,"6":0,"7":0,"8":0,"9":0,"10":0,"11":0,"12":0,"13":3,"14":3,"15":3,"16":0,"17":0,"18":0,"19":0,"20":0,"21":1},"f":{"0":1,"1":0,"2":3,"3":0},"b":{"0":[0],"1":[3],"2":[3,0],"3":[3,0],"4":[0]}}
,"/Users/vitaliibraun/Desktop/purple-school-homework/8-2-authorization-api/src/users/dto/user-login.dto.ts": {"path":"/Users/vitaliibraun/Desktop/purple-school-homework/8-2-authorization-api/src/users/dto/user-login.dto.ts","statementMap":{"0":{"start":{"line":1,"column":0},"end":{"line":1,"column":13}}},"fnMap":{},"branchMap":{},"s":{"0":1},"f":{},"b":{}}
,"/Users/vitaliibraun/Desktop/purple-school-homework/8-2-authorization-api/src/users/dto/user-regiter.dto.ts": {"path":"/Users/vitaliibraun/Desktop/purple-school-homework/8-2-authorization-api/src/users/dto/user-regiter.dto.ts","statementMap":{"0":{"start":{"line":1,"column":0},"end":{"line":1,"column":63}},"1":{"start":{"line":3,"column":0},"end":{"line":3,"column":13}},"2":{"start":{"line":6,"column":1},"end":{"line":6,"column":null}},"3":{"start":{"line":10,"column":1},"end":{"line":10,"column":null}},"4":{"start":{"line":14,"column":1},"end":{"line":14,"column":null}}},"fnMap":{},"branchMap":{},"s":{"0":1,"1":1,"2":1,"3":1,"4":1},"f":{},"b":{}}
}
